<?xml version="1.0" encoding="UTF-8"?>
<coverage generated="1709047347013" clover="3.2.0">
  <project timestamp="1709047347013" name="All files">
    <metrics statements="22" coveredstatements="21" conditionals="6" coveredconditionals="6" methods="10" coveredmethods="9" elements="38" coveredelements="36" complexity="0" loc="22" ncloc="22" packages="2" files="3" classes="3"/>
    <package name="components">
      <metrics statements="19" coveredstatements="18" conditionals="4" coveredconditionals="4" methods="9" coveredmethods="8"/>
      <file name="AddBlog.jsx" path="/home/satcha/Downloads/PKF48Docs/doc1/webDev/React/exoSubmission/part5/blogList_frontend/src/components/AddBlog.jsx">
        <metrics statements="9" coveredstatements="9" conditionals="0" coveredconditionals="0" methods="6" coveredmethods="6"/>
        <line num="5" count="54" type="stmt"/>
        <line num="13" count="1" type="stmt"/>
        <line num="14" count="1" type="stmt"/>
        <line num="15" count="1" type="stmt"/>
        <line num="23" count="54" type="stmt"/>
        <line num="33" count="17" type="stmt"/>
        <line num="41" count="10" type="stmt"/>
        <line num="49" count="24" type="stmt"/>
        <line num="58" count="1" type="stmt"/>
      </file>
      <file name="Togglable.jsx" path="/home/satcha/Downloads/PKF48Docs/doc1/webDev/React/exoSubmission/part5/blogList_frontend/src/components/Togglable.jsx">
        <metrics statements="10" coveredstatements="9" conditionals="4" coveredconditionals="4" methods="3" coveredmethods="2"/>
        <line num="4" count="1" type="stmt"/>
        <line num="5" count="7" type="stmt"/>
        <line num="8" count="3" type="stmt"/>
        <line num="11" count="7" type="stmt"/>
        <line num="12" count="0" type="stmt"/>
        <line num="15" count="7" type="cond" truecount="2" falsecount="0"/>
        <line num="16" count="7" type="cond" truecount="2" falsecount="0"/>
        <line num="18" count="7" type="stmt"/>
        <line num="31" count="1" type="stmt"/>
        <line num="34" count="1" type="stmt"/>
      </file>
    </package>
    <package name="tests">
      <metrics statements="3" coveredstatements="3" conditionals="2" coveredconditionals="2" methods="1" coveredmethods="1"/>
      <file name="Note.jsx" path="/home/satcha/Downloads/PKF48Docs/doc1/webDev/React/exoSubmission/part5/blogList_frontend/src/tests/Note.jsx">
        <metrics statements="3" coveredstatements="3" conditionals="2" coveredconditionals="2" methods="1" coveredmethods="1"/>
        <line num="1" count="1" type="stmt"/>
        <line num="2" count="2" type="cond" truecount="2" falsecount="0"/>
        <line num="6" count="2" type="stmt"/>
      </file>
    </package>
  </project>
</coverage>
