{"/home/satcha/Downloads/PKF48Docs/doc1/webDev/React/exoSubmission/part5/blogList_frontend/src/components/AddBlog.jsx": {"path":"/home/satcha/Downloads/PKF48Docs/doc1/webDev/React/exoSubmission/part5/blogList_frontend/src/components/AddBlog.jsx","statementMap":{"0":{"start":{"line":5,"column":38},"end":{"line":10,"column":6}},"1":{"start":{"line":13,"column":8},"end":{"line":13,"column":26}},"2":{"start":{"line":14,"column":8},"end":{"line":14,"column":23}},"3":{"start":{"line":15,"column":8},"end":{"line":20,"column":10}},"4":{"start":{"line":23,"column":4},"end":{"line":63,"column":5}},"5":{"start":{"line":33,"column":46},"end":{"line":33,"column":97}},"6":{"start":{"line":41,"column":46},"end":{"line":41,"column":98}},"7":{"start":{"line":49,"column":46},"end":{"line":49,"column":95}},"8":{"start":{"line":58,"column":46},"end":{"line":58,"column":97}}},"fnMap":{"0":{"name":"AddBlog","decl":{"start":{"line":3,"column":9},"end":{"line":3,"column":16}},"loc":{"start":{"line":3,"column":27},"end":{"line":64,"column":1}},"line":3},"1":{"name":"saveblog","decl":{"start":{"line":12,"column":13},"end":{"line":12,"column":21}},"loc":{"start":{"line":12,"column":25},"end":{"line":21,"column":5}},"line":12},"2":{"name":"(anonymous_2)","decl":{"start":{"line":33,"column":30},"end":{"line":33,"column":31}},"loc":{"start":{"line":33,"column":46},"end":{"line":33,"column":97}},"line":33},"3":{"name":"(anonymous_3)","decl":{"start":{"line":41,"column":30},"end":{"line":41,"column":31}},"loc":{"start":{"line":41,"column":46},"end":{"line":41,"column":98}},"line":41},"4":{"name":"(anonymous_4)","decl":{"start":{"line":49,"column":30},"end":{"line":49,"column":31}},"loc":{"start":{"line":49,"column":46},"end":{"line":49,"column":95}},"line":49},"5":{"name":"(anonymous_5)","decl":{"start":{"line":58,"column":30},"end":{"line":58,"column":31}},"loc":{"start":{"line":58,"column":46},"end":{"line":58,"column":97}},"line":58}},"branchMap":{},"s":{"0":54,"1":1,"2":1,"3":1,"4":54,"5":17,"6":10,"7":24,"8":1},"f":{"0":54,"1":1,"2":17,"3":10,"4":24,"5":1},"b":{},"_coverageSchema":"1a1c01bbd47fc00a2c39e90264f33305004495a9","hash":"43b9d7359591f89edce9b95ea314a03e6f0e2773"}
,"/home/satcha/Downloads/PKF48Docs/doc1/webDev/React/exoSubmission/part5/blogList_frontend/src/components/Togglable.jsx": {"path":"/home/satcha/Downloads/PKF48Docs/doc1/webDev/React/exoSubmission/part5/blogList_frontend/src/components/Togglable.jsx","statementMap":{"0":{"start":{"line":4,"column":18},"end":{"line":29,"column":2}},"1":{"start":{"line":5,"column":34},"end":{"line":5,"column":49}},"2":{"start":{"line":8,"column":8},"end":{"line":8,"column":28}},"3":{"start":{"line":11,"column":4},"end":{"line":13,"column":6}},"4":{"start":{"line":12,"column":8},"end":{"line":12,"column":35}},"5":{"start":{"line":15,"column":28},"end":{"line":15,"column":62}},"6":{"start":{"line":16,"column":28},"end":{"line":16,"column":62}},"7":{"start":{"line":18,"column":4},"end":{"line":28,"column":5}},"8":{"start":{"line":31,"column":0},"end":{"line":33,"column":1}},"9":{"start":{"line":34,"column":0},"end":{"line":34,"column":35}}},"fnMap":{"0":{"name":"(anonymous_0)","decl":{"start":{"line":4,"column":29},"end":{"line":4,"column":30}},"loc":{"start":{"line":4,"column":46},"end":{"line":29,"column":1}},"line":4},"1":{"name":"handleVisibility","decl":{"start":{"line":7,"column":13},"end":{"line":7,"column":29}},"loc":{"start":{"line":7,"column":32},"end":{"line":9,"column":5}},"line":7},"2":{"name":"(anonymous_2)","decl":{"start":{"line":11,"column":30},"end":{"line":11,"column":31}},"loc":{"start":{"line":11,"column":36},"end":{"line":13,"column":5}},"line":11}},"branchMap":{"0":{"loc":{"start":{"line":15,"column":39},"end":{"line":15,"column":60}},"type":"cond-expr","locations":[{"start":{"line":15,"column":49},"end":{"line":15,"column":55}},{"start":{"line":15,"column":58},"end":{"line":15,"column":60}}],"line":15},"1":{"loc":{"start":{"line":16,"column":39},"end":{"line":16,"column":60}},"type":"cond-expr","locations":[{"start":{"line":16,"column":49},"end":{"line":16,"column":51}},{"start":{"line":16,"column":54},"end":{"line":16,"column":60}}],"line":16}},"s":{"0":1,"1":7,"2":3,"3":7,"4":0,"5":7,"6":7,"7":7,"8":1,"9":1},"f":{"0":7,"1":3,"2":0},"b":{"0":[2,5],"1":[2,5]},"_coverageSchema":"1a1c01bbd47fc00a2c39e90264f33305004495a9","hash":"70a3305544958e8a8d5fc1953242a3d97154dba4"}
,"/home/satcha/Downloads/PKF48Docs/doc1/webDev/React/exoSubmission/part5/blogList_frontend/src/tests/Note.jsx": {"path":"/home/satcha/Downloads/PKF48Docs/doc1/webDev/React/exoSubmission/part5/blogList_frontend/src/tests/Note.jsx","statementMap":{"0":{"start":{"line":1,"column":13},"end":{"line":13,"column":1}},"1":{"start":{"line":2,"column":18},"end":{"line":4,"column":26}},"2":{"start":{"line":6,"column":4},"end":{"line":12,"column":5}}},"fnMap":{"0":{"name":"(anonymous_0)","decl":{"start":{"line":1,"column":13},"end":{"line":1,"column":14}},"loc":{"start":{"line":1,"column":45},"end":{"line":13,"column":1}},"line":1}},"branchMap":{"0":{"loc":{"start":{"line":2,"column":18},"end":{"line":4,"column":26}},"type":"cond-expr","locations":[{"start":{"line":3,"column":10},"end":{"line":3,"column":30}},{"start":{"line":4,"column":10},"end":{"line":4,"column":26}}],"line":2}},"s":{"0":1,"1":2,"2":2},"f":{"0":2},"b":{"0":[1,1]},"_coverageSchema":"1a1c01bbd47fc00a2c39e90264f33305004495a9","hash":"2ea8f90e67f63fb252c5ba4206409aab8b6c32f4"}
}
