TN:
SF:src/components/AddBlog.jsx
FN:3,AddBlog
FN:12,saveblog
FN:33,(anonymous_2)
FN:41,(anonymous_3)
FN:49,(anonymous_4)
FN:58,(anonymous_5)
FNF:6
FNH:6
FNDA:54,AddBlog
FNDA:1,saveblog
FNDA:17,(anonymous_2)
FNDA:10,(anonymous_3)
FNDA:24,(anonymous_4)
FNDA:1,(anonymous_5)
DA:5,54
DA:13,1
DA:14,1
DA:15,1
DA:23,54
DA:33,17
DA:41,10
DA:49,24
DA:58,1
LF:9
LH:9
BRF:0
BRH:0
end_of_record
TN:
SF:src/components/Togglable.jsx
FN:4,(anonymous_0)
FN:7,handleVisibility
FN:11,(anonymous_2)
FNF:3
FNH:2
FNDA:7,(anonymous_0)
FNDA:3,handleVisibility
FNDA:0,(anonymous_2)
DA:4,1
DA:5,7
DA:8,3
DA:11,7
DA:12,0
DA:15,7
DA:16,7
DA:18,7
DA:31,1
DA:34,1
LF:10
LH:9
BRDA:15,0,0,2
BRDA:15,0,1,5
BRDA:16,1,0,2
BRDA:16,1,1,5
BRF:4
BRH:4
end_of_record
TN:
SF:src/tests/Note.jsx
FN:1,(anonymous_0)
FNF:1
FNH:1
FNDA:2,(anonymous_0)
DA:1,1
DA:2,2
DA:6,2
LF:3
LH:3
BRDA:2,0,0,1
BRDA:2,0,1,1
BRF:2
BRH:2
end_of_record
